[2025-05-02 23:42:31,410:INFO:5(module)s:yaml file: config\config.yaml loaded successfully]
[2025-05-02 23:42:31,421:INFO:5(module)s:yaml file: params.yaml loaded successfully]
[2025-05-02 23:45:12,531:INFO:5(module)s:yaml file: config\config.yaml loaded successfully]
[2025-05-02 23:45:12,533:INFO:5(module)s:yaml file: params.yaml loaded successfully]
[2025-05-02 23:56:04,365:INFO:5(module)s:yaml file: config\config.yaml loaded successfully]
[2025-05-02 23:56:04,368:INFO:5(module)s:yaml file: params.yaml loaded successfully]
[2025-05-02 23:56:45,109:INFO:5(module)s:yaml file: config\config.yaml loaded successfully]
[2025-05-02 23:56:45,112:INFO:5(module)s:yaml file: params.yaml loaded successfully]
[2025-05-02 23:58:04,723:INFO:5(module)s:yaml file: config\config.yaml loaded successfully]
[2025-05-02 23:58:04,725:INFO:5(module)s:yaml file: params.yaml loaded successfully]
[2025-05-02 23:58:10,869:INFO:5(module)s:yaml file: config\config.yaml loaded successfully]
[2025-05-02 23:58:10,871:INFO:5(module)s:yaml file: params.yaml loaded successfully]
[2025-05-03 00:00:06,728:INFO:5(module)s:yaml file: config\config.yaml loaded successfully]
[2025-05-03 00:00:06,730:INFO:5(module)s:yaml file: params.yaml loaded successfully]
[2025-05-03 00:00:56,027:INFO:5(module)s:yaml file: config\config.yaml loaded successfully]
[2025-05-03 00:00:56,038:INFO:5(module)s:yaml file: params.yaml loaded successfully]
[2025-05-03 00:00:56,040:INFO:5(module)s:created directory at: artifacts]
[2025-05-03 00:00:56,042:INFO:5(module)s:created directory at: artifacts/data_ingestion]
[2025-05-03 00:02:41,333:INFO:5(module)s:yaml file: config\config.yaml loaded successfully]
[2025-05-03 00:02:41,336:INFO:5(module)s:yaml file: params.yaml loaded successfully]
[2025-05-03 00:02:41,338:INFO:5(module)s:created directory at: artifacts]
[2025-05-03 00:02:41,340:INFO:5(module)s:created directory at: artifacts/data_ingestion]
[2025-05-03 00:02:43,567:INFO:5(module)s:artifacts/data_ingestion/data.zip download! with following info: 
Connection: close
Content-Length: 11616915
Cache-Control: max-age=300
Content-Security-Policy: default-src 'none'; style-src 'unsafe-inline'; sandbox
Content-Type: application/zip
ETag: "adf745abc03891fe493c3be264ec012691fe3fa21d861f35a27edbe6d86a76b1"
Strict-Transport-Security: max-age=31536000
X-Content-Type-Options: nosniff
X-Frame-Options: deny
X-XSS-Protection: 1; mode=block
X-GitHub-Request-Id: C374:092A:131CEC:2B4F16:68150FCA
Accept-Ranges: bytes
Date: Fri, 02 May 2025 18:32:43 GMT
Via: 1.1 varnish
X-Served-By: cache-bom4747-BOM
X-Cache: MISS
X-Cache-Hits: 0
X-Timer: S1746210762.464558,VS0,VE1092
Vary: Authorization,Accept-Encoding,Origin
Access-Control-Allow-Origin: *
Cross-Origin-Resource-Policy: cross-origin
X-Fastly-Request-ID: eca38de1bc79563968077b993a94e273e6407242
Expires: Fri, 02 May 2025 18:37:43 GMT
Source-Age: 1

]
[2025-05-04 21:15:09,787:INFO:5(module)s:>>>>>> stage Data Ingestion stage started <<<<<<]
[2025-05-04 21:15:09,788:ERROR:5(module)s:'DataIngestionTrainingPipeline' object has no attribute 'main']
Traceback (most recent call last):
  File "C:\Users\MONISH\OneDrive\Documents\Data_science 2024\CNN_classifier\CNN_Classifier\main.py", line 8, in <module>
    obj.main()
    ^^^^^^^^
AttributeError: 'DataIngestionTrainingPipeline' object has no attribute 'main'
[2025-05-04 21:15:39,701:INFO:5(module)s:>>>>>> stage Data Ingestion stage started <<<<<<]
[2025-05-04 21:15:39,702:ERROR:5(module)s:'DataIngestionTrainingPipeline' object has no attribute 'main']
Traceback (most recent call last):
  File "C:\Users\MONISH\OneDrive\Documents\Data_science 2024\CNN_classifier\CNN_Classifier\main.py", line 8, in <module>
    obj.main()
    ^^^^^^^^
AttributeError: 'DataIngestionTrainingPipeline' object has no attribute 'main'
[2025-05-04 21:41:47,069:INFO:5(module)s:>>>>>> stage Data Ingestion stage started <<<<<<]
[2025-05-04 21:41:47,070:ERROR:5(module)s:'DataIngestionTrainingPipeline' object has no attribute 'main']
Traceback (most recent call last):
  File "C:\Users\MONISH\OneDrive\Documents\Data_science 2024\CNN_classifier\CNN_Classifier\main.py", line 8, in <module>
    obj.main()
    ^^^^^^^^
AttributeError: 'DataIngestionTrainingPipeline' object has no attribute 'main'
[2025-05-04 21:45:00,567:INFO:5(module)s:>>>>>> stage Data Ingestion stage started <<<<<<]
[2025-05-04 21:45:00,579:INFO:5(module)s:yaml file: config\config.yaml loaded successfully]
[2025-05-04 21:45:00,591:INFO:5(module)s:yaml file: params.yaml loaded successfully]
[2025-05-04 21:45:00,592:INFO:5(module)s:created directory at: artifacts]
[2025-05-04 21:45:00,593:INFO:5(module)s:created directory at: artifacts/data_ingestion]
[2025-05-04 21:45:02,694:INFO:5(module)s:artifacts/data_ingestion/data.zip download! with following info: 
Connection: close
Content-Length: 11616915
Cache-Control: max-age=300
Content-Security-Policy: default-src 'none'; style-src 'unsafe-inline'; sandbox
Content-Type: application/zip
ETag: "adf745abc03891fe493c3be264ec012691fe3fa21d861f35a27edbe6d86a76b1"
Strict-Transport-Security: max-age=31536000
X-Content-Type-Options: nosniff
X-Frame-Options: deny
X-XSS-Protection: 1; mode=block
X-GitHub-Request-Id: F606:08E7:F3191:2FDB4B:68179282
Accept-Ranges: bytes
Date: Sun, 04 May 2025 16:15:02 GMT
Via: 1.1 varnish
X-Served-By: cache-bom4733-BOM
X-Cache: MISS
X-Cache-Hits: 0
X-Timer: S1746375301.231853,VS0,VE905
Vary: Authorization,Accept-Encoding,Origin
Access-Control-Allow-Origin: *
Cross-Origin-Resource-Policy: cross-origin
X-Fastly-Request-ID: f498847570d42fc34d09c358c731b37fb0a9b647
Expires: Sun, 04 May 2025 16:20:02 GMT
Source-Age: 1

]
[2025-05-04 21:45:03,173:INFO:5(module)s:>>>>>> stage Data Ingestion stage completed <<<<<<

x==========x]
[2025-05-04 23:11:20,916:INFO:5(module)s:yaml file: config\config.yaml loaded successfully]
[2025-05-04 23:11:20,919:INFO:5(module)s:yaml file: params.yaml loaded successfully]
[2025-05-04 23:11:20,921:INFO:5(module)s:created directory at: artifacts]
[2025-05-04 23:11:41,720:INFO:5(module)s:yaml file: config\config.yaml loaded successfully]
[2025-05-04 23:11:41,723:INFO:5(module)s:yaml file: params.yaml loaded successfully]
[2025-05-04 23:11:41,724:INFO:5(module)s:created directory at: artifacts]
[2025-05-04 23:12:38,621:INFO:5(module)s:yaml file: config\config.yaml loaded successfully]
[2025-05-04 23:12:38,624:INFO:5(module)s:yaml file: params.yaml loaded successfully]
[2025-05-04 23:12:38,625:INFO:5(module)s:created directory at: artifacts]
[2025-05-04 23:13:39,029:INFO:5(module)s:yaml file: config\config.yaml loaded successfully]
[2025-05-04 23:13:39,032:INFO:5(module)s:yaml file: params.yaml loaded successfully]
[2025-05-04 23:13:39,033:INFO:5(module)s:created directory at: artifacts]
[2025-05-04 23:15:18,609:INFO:5(module)s:yaml file: config\config.yaml loaded successfully]
[2025-05-04 23:15:18,612:INFO:5(module)s:yaml file: params.yaml loaded successfully]
[2025-05-04 23:15:18,614:INFO:5(module)s:created directory at: artifacts]
[2025-05-04 23:15:18,615:INFO:5(module)s:created directory at: artifacts/prepare_base_model]
[2025-05-04 23:15:19,163:WARNING:5(module)s:You are saving your model as an HDF5 file via `model.save()` or `keras.saving.save_model(model)`. This file format is considered legacy. We recommend using instead the native Keras format, e.g. `model.save('my_model.keras')` or `keras.saving.save_model(model, 'my_model.keras')`. ]
[2025-05-04 23:15:19,386:WARNING:5(module)s:You are saving your model as an HDF5 file via `model.save()` or `keras.saving.save_model(model)`. This file format is considered legacy. We recommend using instead the native Keras format, e.g. `model.save('my_model.keras')` or `keras.saving.save_model(model, 'my_model.keras')`. ]
[2025-05-04 23:19:09,570:INFO:5(module)s:yaml file: config\config.yaml loaded successfully]
[2025-05-04 23:19:09,574:INFO:5(module)s:yaml file: params.yaml loaded successfully]
[2025-05-04 23:19:09,576:INFO:5(module)s:created directory at: artifacts]
[2025-05-04 23:19:09,578:INFO:5(module)s:created directory at: artifacts/prepare_base_model]
[2025-05-04 23:19:10,012:WARNING:5(module)s:You are saving your model as an HDF5 file via `model.save()` or `keras.saving.save_model(model)`. This file format is considered legacy. We recommend using instead the native Keras format, e.g. `model.save('my_model.keras')` or `keras.saving.save_model(model, 'my_model.keras')`. ]
[2025-05-04 23:19:10,216:WARNING:5(module)s:You are saving your model as an HDF5 file via `model.save()` or `keras.saving.save_model(model)`. This file format is considered legacy. We recommend using instead the native Keras format, e.g. `model.save('my_model.keras')` or `keras.saving.save_model(model, 'my_model.keras')`. ]
[2025-05-05 01:00:36,781:INFO:5(module)s:>>>>>> stage Data Ingestion stage started <<<<<<]
[2025-05-05 01:00:36,783:INFO:5(module)s:yaml file: config\config.yaml loaded successfully]
[2025-05-05 01:00:36,785:INFO:5(module)s:yaml file: params.yaml loaded successfully]
[2025-05-05 01:00:36,786:INFO:5(module)s:created directory at: artifacts]
[2025-05-05 01:00:36,788:INFO:5(module)s:created directory at: artifacts/data_ingestion]
[2025-05-05 01:00:39,048:INFO:5(module)s:artifacts/data_ingestion/data.zip download! with following info: 
Connection: close
Content-Length: 11616915
Cache-Control: max-age=300
Content-Security-Policy: default-src 'none'; style-src 'unsafe-inline'; sandbox
Content-Type: application/zip
ETag: "adf745abc03891fe493c3be264ec012691fe3fa21d861f35a27edbe6d86a76b1"
Strict-Transport-Security: max-age=31536000
X-Content-Type-Options: nosniff
X-Frame-Options: deny
X-XSS-Protection: 1; mode=block
X-GitHub-Request-Id: 6457:2340ED:3B4191:A860AD:6817C05D
Accept-Ranges: bytes
Date: Sun, 04 May 2025 19:30:38 GMT
Via: 1.1 varnish
X-Served-By: cache-maa10239-MAA
X-Cache: MISS
X-Cache-Hits: 0
X-Timer: S1746387038.788481,VS0,VE880
Vary: Authorization,Accept-Encoding,Origin
Access-Control-Allow-Origin: *
Cross-Origin-Resource-Policy: cross-origin
X-Fastly-Request-ID: 896595d64c24821e2fe2dec86514c77710ede3da
Expires: Sun, 04 May 2025 19:35:38 GMT
Source-Age: 1

]
[2025-05-05 01:00:39,554:INFO:5(module)s:>>>>>> stage Data Ingestion stage completed <<<<<<

x==========x]
[2025-05-05 01:00:39,554:INFO:5(module)s:*******************]
[2025-05-05 01:00:39,554:INFO:5(module)s:>>>>>> stage Prepare base model started <<<<<<]
[2025-05-05 01:00:39,556:INFO:5(module)s:yaml file: config\config.yaml loaded successfully]
[2025-05-05 01:00:39,557:INFO:5(module)s:yaml file: params.yaml loaded successfully]
[2025-05-05 01:00:39,558:INFO:5(module)s:created directory at: artifacts]
[2025-05-05 01:00:39,559:INFO:5(module)s:created directory at: artifacts/prepare_base_model]
[2025-05-05 01:00:40,030:WARNING:5(module)s:You are saving your model as an HDF5 file via `model.save()` or `keras.saving.save_model(model)`. This file format is considered legacy. We recommend using instead the native Keras format, e.g. `model.save('my_model.keras')` or `keras.saving.save_model(model, 'my_model.keras')`. ]
[2025-05-05 01:00:40,242:WARNING:5(module)s:You are saving your model as an HDF5 file via `model.save()` or `keras.saving.save_model(model)`. This file format is considered legacy. We recommend using instead the native Keras format, e.g. `model.save('my_model.keras')` or `keras.saving.save_model(model, 'my_model.keras')`. ]
[2025-05-05 01:00:40,421:INFO:5(module)s:>>>>>> stage Prepare base model completed <<<<<<

x==========x]
[2025-05-05 12:10:39,661:INFO:5(module)s:yaml file: config\config.yaml loaded successfully]
[2025-05-05 12:10:39,665:INFO:5(module)s:yaml file: params.yaml loaded successfully]
[2025-05-05 12:10:39,666:INFO:5(module)s:created directory at: artifacts]
[2025-05-05 12:10:39,669:INFO:5(module)s:created directory at: artifacts\prepare_callbacks\checkpoint_dir]
[2025-05-05 12:10:39,672:INFO:5(module)s:created directory at: artifacts\prepare_callbacks\tensorboard_log_dir]
[2025-05-05 15:58:32,963:INFO:5(module)s:yaml file: config\config.yaml loaded successfully]
[2025-05-05 15:58:32,976:INFO:5(module)s:yaml file: params.yaml loaded successfully]
[2025-05-05 15:58:32,978:INFO:5(module)s:created directory at: artifacts]
[2025-05-05 15:58:32,980:INFO:5(module)s:created directory at: artifacts\prepare_callbacks\checkpoint_dir]
[2025-05-05 15:58:32,981:INFO:5(module)s:created directory at: artifacts\prepare_callbacks\tensorboard_log_dir]
[2025-05-05 15:59:04,385:INFO:5(module)s:yaml file: config\config.yaml loaded successfully]
[2025-05-05 15:59:04,388:INFO:5(module)s:yaml file: params.yaml loaded successfully]
[2025-05-05 15:59:04,391:INFO:5(module)s:created directory at: artifacts]
[2025-05-05 15:59:04,392:INFO:5(module)s:created directory at: artifacts\prepare_callbacks\checkpoint_dir]
[2025-05-05 15:59:04,394:INFO:5(module)s:created directory at: artifacts\prepare_callbacks\tensorboard_log_dir]
[2025-05-05 23:33:46,361:INFO:5(module)s:yaml file: config\config.yaml loaded successfully]
[2025-05-05 23:33:46,382:INFO:5(module)s:yaml file: params.yaml loaded successfully]
[2025-05-05 23:33:46,389:INFO:5(module)s:created directory at: artifacts]
[2025-05-05 23:34:01,117:INFO:5(module)s:yaml file: config\config.yaml loaded successfully]
[2025-05-05 23:34:01,119:INFO:5(module)s:yaml file: params.yaml loaded successfully]
[2025-05-05 23:34:01,121:INFO:5(module)s:created directory at: artifacts]
[2025-05-05 23:34:20,876:INFO:5(module)s:yaml file: config\config.yaml loaded successfully]
[2025-05-05 23:34:20,878:INFO:5(module)s:yaml file: params.yaml loaded successfully]
[2025-05-05 23:34:20,880:INFO:5(module)s:created directory at: artifacts]
[2025-05-05 23:34:20,882:INFO:5(module)s:created directory at: artifacts\prepare_callbacks\checkpoint_dir]
[2025-05-05 23:34:20,884:INFO:5(module)s:created directory at: artifacts\prepare_callbacks\tensorboard_log_dir]
[2025-05-05 23:34:20,886:INFO:5(module)s:created directory at: artifacts\training]
[2025-05-05 23:34:21,322:WARNING:5(module)s:Compiled the loaded model, but the compiled metrics have yet to be built. `model.compile_metrics` will be empty until you train or evaluate the model.]
[2025-05-05 23:35:55,550:INFO:5(module)s:yaml file: config\config.yaml loaded successfully]
[2025-05-05 23:35:55,552:INFO:5(module)s:yaml file: params.yaml loaded successfully]
[2025-05-05 23:35:55,555:INFO:5(module)s:created directory at: artifacts]
[2025-05-05 23:35:55,557:INFO:5(module)s:created directory at: artifacts\prepare_callbacks\checkpoint_dir]
[2025-05-05 23:35:55,558:INFO:5(module)s:created directory at: artifacts\prepare_callbacks\tensorboard_log_dir]
[2025-05-05 23:35:55,558:INFO:5(module)s:created directory at: artifacts\training]
[2025-05-05 23:35:55,881:WARNING:5(module)s:Compiled the loaded model, but the compiled metrics have yet to be built. `model.compile_metrics` will be empty until you train or evaluate the model.]
[2025-05-05 23:36:59,869:WARNING:5(module)s:From C:\Users\MONISH\AppData\Local\Temp\ipykernel_32980\3925721481.py:5: The name tf.enable_eager_execution is deprecated. Please use tf.compat.v1.enable_eager_execution instead.
]
[2025-05-05 23:37:19,419:WARNING:5(module)s:From C:\Users\MONISH\AppData\Local\Temp\ipykernel_35312\3925721481.py:5: The name tf.enable_eager_execution is deprecated. Please use tf.compat.v1.enable_eager_execution instead.
]
[2025-05-05 23:37:19,468:INFO:5(module)s:yaml file: config\config.yaml loaded successfully]
[2025-05-05 23:37:19,478:INFO:5(module)s:yaml file: params.yaml loaded successfully]
[2025-05-05 23:37:19,479:INFO:5(module)s:created directory at: artifacts]
[2025-05-05 23:37:19,480:INFO:5(module)s:created directory at: artifacts\prepare_callbacks\checkpoint_dir]
[2025-05-05 23:37:19,481:INFO:5(module)s:created directory at: artifacts\prepare_callbacks\tensorboard_log_dir]
[2025-05-05 23:37:19,483:INFO:5(module)s:created directory at: artifacts\training]
[2025-05-05 23:37:19,746:WARNING:5(module)s:Compiled the loaded model, but the compiled metrics have yet to be built. `model.compile_metrics` will be empty until you train or evaluate the model.]
[2025-05-05 23:39:33,625:WARNING:5(module)s:From C:\Users\MONISH\AppData\Local\Temp\ipykernel_5180\3925721481.py:5: The name tf.enable_eager_execution is deprecated. Please use tf.compat.v1.enable_eager_execution instead.
]
[2025-05-05 23:39:33,679:INFO:5(module)s:yaml file: config\config.yaml loaded successfully]
[2025-05-05 23:39:33,681:INFO:5(module)s:yaml file: params.yaml loaded successfully]
[2025-05-05 23:39:33,682:INFO:5(module)s:created directory at: artifacts]
[2025-05-05 23:39:33,683:INFO:5(module)s:created directory at: artifacts\prepare_callbacks\checkpoint_dir]
[2025-05-05 23:39:33,684:INFO:5(module)s:created directory at: artifacts\prepare_callbacks\tensorboard_log_dir]
[2025-05-05 23:39:33,685:INFO:5(module)s:created directory at: artifacts\training]
[2025-05-05 23:39:34,080:WARNING:5(module)s:Compiled the loaded model, but the compiled metrics have yet to be built. `model.compile_metrics` will be empty until you train or evaluate the model.]
[2025-05-05 23:41:12,633:INFO:5(module)s:yaml file: config\config.yaml loaded successfully]
[2025-05-05 23:41:12,636:INFO:5(module)s:yaml file: params.yaml loaded successfully]
[2025-05-05 23:41:12,637:INFO:5(module)s:created directory at: artifacts]
[2025-05-05 23:41:12,638:INFO:5(module)s:created directory at: artifacts\prepare_callbacks\checkpoint_dir]
[2025-05-05 23:41:12,640:INFO:5(module)s:created directory at: artifacts\prepare_callbacks\tensorboard_log_dir]
[2025-05-05 23:41:12,641:INFO:5(module)s:created directory at: artifacts\training]
[2025-05-05 23:41:12,918:WARNING:5(module)s:Compiled the loaded model, but the compiled metrics have yet to be built. `model.compile_metrics` will be empty until you train or evaluate the model.]
[2025-05-05 23:43:02,734:INFO:5(module)s:yaml file: config\config.yaml loaded successfully]
[2025-05-05 23:43:02,737:INFO:5(module)s:yaml file: params.yaml loaded successfully]
[2025-05-05 23:43:02,739:INFO:5(module)s:created directory at: artifacts]
[2025-05-05 23:43:02,740:INFO:5(module)s:created directory at: artifacts\prepare_callbacks\checkpoint_dir]
[2025-05-05 23:43:02,741:INFO:5(module)s:created directory at: artifacts\prepare_callbacks\tensorboard_log_dir]
[2025-05-05 23:43:02,741:INFO:5(module)s:created directory at: artifacts\training]
[2025-05-05 23:43:03,040:WARNING:5(module)s:Compiled the loaded model, but the compiled metrics have yet to be built. `model.compile_metrics` will be empty until you train or evaluate the model.]
[2025-05-05 23:52:43,943:INFO:5(module)s:yaml file: config\config.yaml loaded successfully]
[2025-05-05 23:52:43,943:INFO:5(module)s:yaml file: params.yaml loaded successfully]
[2025-05-05 23:52:43,943:INFO:5(module)s:created directory at: artifacts]
[2025-05-05 23:52:43,943:INFO:5(module)s:created directory at: artifacts\prepare_callbacks\checkpoint_dir]
[2025-05-05 23:52:43,943:INFO:5(module)s:created directory at: artifacts\prepare_callbacks\tensorboard_log_dir]
[2025-05-05 23:52:43,943:INFO:5(module)s:created directory at: artifacts\training]
[2025-05-05 23:52:44,287:WARNING:5(module)s:Compiled the loaded model, but the compiled metrics have yet to be built. `model.compile_metrics` will be empty until you train or evaluate the model.]
